<?xml version="1.0" encoding="UTF-8"?>
<testsuite xmlns:xsi="http://www.w3.org/2001/XMLSchema-instance" xsi:noNamespaceSchemaLocation="https://maven.apache.org/surefire/maven-surefire-plugin/xsd/surefire-test-report.xsd" version="3.0.2" name="uniremington.PrimerClase.PrimeraClaseJavaSpringbootApplicationTests" time="2.026" tests="1" errors="0" skipped="0" failures="0">
  <properties>
[...]
</properties>
  <testcase name="contextLoads" classname="uniremington.PrimerClase.PrimeraClaseJavaSpringbootApplicationTests" time="0.572">
    <system-out><![CDATA[19:16:48.466 [main] INFO org.springframework.test.context.support.AnnotationConfigContextLoaderUtils -- Could not detect default configuration classes for test class [uniremington.PrimerClase.PrimeraClaseJavaSpringbootApplicationTests]: PrimeraClaseJavaSpringbootApplicationTests does not declare any static, non-private, non-final, nested classes annotated with @Configuration.
19:16:48.558 [main] INFO org.springframework.boot.test.context.SpringBootTestContextBootstrapper -- Found @SpringBootConfiguration uniremington.PrimerClase.PrimeraClaseJavaSpringbootApplication for test class uniremington.PrimerClase.PrimeraClaseJavaSpringbootApplicationTests
19:16:48.700 [main] INFO org.springframework.boot.devtools.restart.RestartApplicationListener -- Restart disabled due to context in which it is running

  .   ____          _            __ _ _
 /\\ / ___'_ __ _ _(_)_ __  __ _ \ \ \ \
( ( )\___ | '_ | '_| | '_ \/ _` | \ \ \ \
 \\/  ___)| |_)| | | | | || (_| |  ) ) ) )
  '  |____| .__|_| |_|_| |_\__, | / / / /
 =========|_|==============|___/=/_/_/_/

 :: Spring Boot ::                (v3.5.5)

2025-09-18T19:16:48.924-05:00  INFO 14500 --- [Primera Clase java springboot] [           main] imeraClaseJavaSpringbootApplicationTests : Starting PrimeraClaseJavaSpringbootApplicationTests using Java 20.0.2 with PID 14500 (started by alexi in C:\xampp\htdocs\Lenguaje de programacion 3\PrimerClase)
2025-09-18T19:16:48.925-05:00  INFO 14500 --- [Primera Clase java springboot] [           main] imeraClaseJavaSpringbootApplicationTests : No active profile set, falling back to 1 default profile: "default"
2025-09-18T19:16:49.565-05:00  INFO 14500 --- [Primera Clase java springboot] [           main] o.s.b.a.w.s.WelcomePageHandlerMapping    : Adding welcome page: class path resource [static/index.html]
2025-09-18T19:16:49.788-05:00  INFO 14500 --- [Primera Clase java springboot] [           main] imeraClaseJavaSpringbootApplicationTests : Started PrimeraClaseJavaSpringbootApplicationTests in 1.096 seconds (process running for 1.832)
]]></system-out>
  </testcase>
</testsuite>